<?xml version="1.0" encoding="UTF-8"?>
<TestRun id="da2c56c4-d9b8-4c09-b5c4-c858aa42225d" name="Sergey@SERGEY-PC 2011-02-27 13:53:47" runUser="Sergey-PC\Sergey" xmlns="http://microsoft.com/schemas/VisualStudio/TeamTest/2010">
  <TestSettings name="Default Test Settings" id="0a7a3612-fd8d-4cad-9a8d-16a268e7e682">
    <Deployment runDeploymentRoot="Sergey_SERGEY-PC 2011-02-27 13_53_47">
      <DeploymentItem filename="D:\Projects\ExpenseSystem\ExpenseSystem.Model\bin\Debug\ExpenseSystem.Model.dll" />
      <DeploymentItem filename="D:\Projects\ExpenseSystem\ExpenseSystem.Repositories\bin\Debug\ExpenseSystem.Repositories.dll" />
      <DeploymentItem filename="D:\Projects\ExpenseSystem\ExpenseSystem.Entities\bin\Debug\ExpenseSystem.Entities.dll" />
    </Deployment>
    <Execution>
      <TestTypeSpecific />
      <AgentRule name="Execution Agents">
      </AgentRule>
    </Execution>
  </TestSettings>
  <Times creation="2011-02-27T13:53:47.8779296+02:00" queuing="2011-02-27T13:53:50.2109375+02:00" start="2011-02-27T13:53:50.5830078+02:00" finish="2011-02-27T13:53:56.8164062+02:00" />
  <ResultSummary outcome="Failed">
    <Counters total="1" executed="1" error="0" failed="1" timeout="0" aborted="0" inconclusive="0" passedButRunAborted="0" notRunnable="0" notExecuted="0" disconnected="0" warning="0" passed="0" completed="0" inProgress="0" pending="0" />
  </ResultSummary>
  <TestDefinitions>
    <UnitTest name="GetParentTagByUserIdTest" storage="d:\projects\expensesystem\expensesystem.tests\bin\debug\expensesystem.tests.dll" id="4b9f5511-eddf-9b6b-f18f-6e42c8444723">
      <Execution id="5cfc2e80-4e09-474d-a7de-16d050d5f424" />
      <TestMethod codeBase="D:/Projects/ExpenseSystem/ExpenseSystem.Tests/bin/Debug/ExpenseSystem.Tests.DLL" adapterTypeName="Microsoft.VisualStudio.TestTools.TestTypes.Unit.UnitTestAdapter, Microsoft.VisualStudio.QualityTools.Tips.UnitTest.Adapter, Version=10.0.0.0, Culture=neutral, PublicKeyToken=b03f5f7f11d50a3a" className="ExpenseSystem.Tests.Repositories.TagRepositoryTest, ExpenseSystem.Tests, Version=1.0.0.0, Culture=neutral, PublicKeyToken=null" name="GetParentTagByUserIdTest" />
    </UnitTest>
  </TestDefinitions>
  <TestLists>
    <TestList name="Results Not in a List" id="8c84fa94-04c1-424b-9868-57a2d4851a1d" />
    <TestList name="All Loaded Results" id="19431567-8539-422a-85d7-44ee4e166bda" />
  </TestLists>
  <TestEntries>
    <TestEntry testId="4b9f5511-eddf-9b6b-f18f-6e42c8444723" executionId="5cfc2e80-4e09-474d-a7de-16d050d5f424" testListId="8c84fa94-04c1-424b-9868-57a2d4851a1d" />
  </TestEntries>
  <Results>
    <UnitTestResult executionId="5cfc2e80-4e09-474d-a7de-16d050d5f424" testId="4b9f5511-eddf-9b6b-f18f-6e42c8444723" testName="GetParentTagByUserIdTest" computerName="SERGEY-PC" duration="00:00:03.6764457" startTime="2011-02-27T13:53:50.8642578+02:00" endTime="2011-02-27T13:53:56.6533203+02:00" testType="13cdc9d9-ddb5-4fa4-a97d-d965ccfc6d4b" outcome="Failed" testListId="8c84fa94-04c1-424b-9868-57a2d4851a1d" relativeResultsDirectory="5cfc2e80-4e09-474d-a7de-16d050d5f424">
      <Output>
        <Exception>Exception has been thrown by the target of an invocation.</Exception>
        <ErrorInfo>
          <Message>Unable to create instance of class ExpenseSystem.Tests.Repositories.TagRepositoryTest. Error: System.ArgumentException: The specified named connection is either not found in the configuration, not intended to be used with the EntityClient provider, or not valid..</Message>
          <StackTrace>    at System.Data.EntityClient.EntityConnection.ChangeConnectionString(String newConnectionString)
   at System.Data.EntityClient.EntityConnection..ctor(String connectionString)
   at System.Data.Objects.ObjectContext.CreateEntityConnection(String connectionString)
   at System.Data.Objects.ObjectContext..ctor(String connectionString, String defaultContainerName)
   at ExpenseSystem.Model.ExpenseSystemEntities..ctor() in D:\Projects\ExpenseSystem\ExpenseSystem.Model\ExpenseSystemEntities.cs:line 16
   at ExpenseSystem.Tests.Repositories.TagRepositoryTest..ctor() in D:\Projects\ExpenseSystem\ExpenseSystem.Tests\Repositories\TagRepositoryTest.cs:line 37
</StackTrace>
        </ErrorInfo>
      </Output>
    </UnitTestResult>
  </Results>
</TestRun>