<?xml version="1.0" encoding="UTF-8"?>
<TestRun id="aa31f04c-116d-47e0-a3a2-0a8d9fec3059" name="Sergey@SERGEY-PC 2011-02-27 13:57:26" runUser="Sergey-PC\Sergey" xmlns="http://microsoft.com/schemas/VisualStudio/TeamTest/2010">
  <TestSettings name="Default Test Settings" id="e7263aac-fa25-4caa-aec0-cce48e99f518">
    <Deployment runDeploymentRoot="Sergey_SERGEY-PC 2011-02-27 13_57_26">
      <DeploymentItem filename="D:\Projects\ExpenseSystem\ExpenseSystem.Model\bin\Debug\ExpenseSystem.Model.dll" />
      <DeploymentItem filename="D:\Projects\ExpenseSystem\ExpenseSystem.Repositories\bin\Debug\ExpenseSystem.Repositories.dll" />
      <DeploymentItem filename="D:\Projects\ExpenseSystem\ExpenseSystem.Entities\bin\Debug\ExpenseSystem.Entities.dll" />
    </Deployment>
    <Execution>
      <TestTypeSpecific />
      <AgentRule name="Execution Agents">
      </AgentRule>
    </Execution>
  </TestSettings>
  <Times creation="2011-02-27T13:57:26.5878906+02:00" queuing="2011-02-27T13:57:29.1074218+02:00" start="2011-02-27T13:57:29.4843750+02:00" finish="2011-02-27T13:57:34.4707031+02:00" />
  <ResultSummary outcome="Completed">
    <Counters total="1" executed="1" passed="1" error="0" failed="0" timeout="0" aborted="0" inconclusive="0" passedButRunAborted="0" notRunnable="0" notExecuted="0" disconnected="0" warning="0" completed="0" inProgress="0" pending="0" />
  </ResultSummary>
  <TestDefinitions>
    <UnitTest name="GetParentTagByUserIdTest1" storage="d:\projects\expensesystem\expensesystem.tests\bin\debug\expensesystem.tests.dll" id="4cf9bde0-e354-447e-c368-77a719f0cc91">
      <Execution id="4fe3c877-b639-420a-bfb4-d88986d128cd" />
      <TestMethod codeBase="D:/Projects/ExpenseSystem/ExpenseSystem.Tests/bin/Debug/ExpenseSystem.Tests.DLL" adapterTypeName="Microsoft.VisualStudio.TestTools.TestTypes.Unit.UnitTestAdapter, Microsoft.VisualStudio.QualityTools.Tips.UnitTest.Adapter, Version=10.0.0.0, Culture=neutral, PublicKeyToken=b03f5f7f11d50a3a" className="ExpenseSystem.Tests.Repositories.TagRepositoryTest, ExpenseSystem.Tests, Version=1.0.0.0, Culture=neutral, PublicKeyToken=null" name="GetParentTagByUserIdTest1" />
    </UnitTest>
  </TestDefinitions>
  <TestLists>
    <TestList name="Results Not in a List" id="8c84fa94-04c1-424b-9868-57a2d4851a1d" />
    <TestList name="All Loaded Results" id="19431567-8539-422a-85d7-44ee4e166bda" />
  </TestLists>
  <TestEntries>
    <TestEntry testId="4cf9bde0-e354-447e-c368-77a719f0cc91" executionId="4fe3c877-b639-420a-bfb4-d88986d128cd" testListId="8c84fa94-04c1-424b-9868-57a2d4851a1d" />
  </TestEntries>
  <Results>
    <UnitTestResult executionId="4fe3c877-b639-420a-bfb4-d88986d128cd" testId="4cf9bde0-e354-447e-c368-77a719f0cc91" testName="GetParentTagByUserIdTest1" computerName="SERGEY-PC" duration="00:00:01.2756448" startTime="2011-02-27T13:57:29.7988281+02:00" endTime="2011-02-27T13:57:32.7607421+02:00" testType="13cdc9d9-ddb5-4fa4-a97d-d965ccfc6d4b" outcome="Passed" testListId="8c84fa94-04c1-424b-9868-57a2d4851a1d" relativeResultsDirectory="4fe3c877-b639-420a-bfb4-d88986d128cd">
    </UnitTestResult>
  </Results>
</TestRun>