<?xml version="1.0" encoding="UTF-8"?>
<TestRun id="1c46833a-c64f-4199-907c-73bdfd4f06ae" name="Sergey@SERGEY-PC 2011-02-27 14:03:58" runUser="Sergey-PC\Sergey" xmlns="http://microsoft.com/schemas/VisualStudio/TeamTest/2010">
  <TestSettings name="Default Test Settings" id="c2c60b4f-6e2f-4993-b68c-bd0db532bf5b">
    <Deployment runDeploymentRoot="Sergey_SERGEY-PC 2011-02-27 14_03_58">
      <DeploymentItem filename="D:\Projects\ExpenseSystem\ExpenseSystem.Model\bin\Debug\ExpenseSystem.Model.dll" />
      <DeploymentItem filename="D:\Projects\ExpenseSystem\ExpenseSystem.Repositories\bin\Debug\ExpenseSystem.Repositories.dll" />
      <DeploymentItem filename="D:\Projects\ExpenseSystem\ExpenseSystem.Entities\bin\Debug\ExpenseSystem.Entities.dll" />
    </Deployment>
    <Execution>
      <TestTypeSpecific />
      <AgentRule name="Execution Agents">
      </AgentRule>
    </Execution>
  </TestSettings>
  <Times creation="2011-02-27T14:03:58.3632812+02:00" queuing="2011-02-27T14:04:01.2529296+02:00" start="2011-02-27T14:04:01.6572265+02:00" finish="2011-02-27T14:05:19.8906250+02:00" />
  <ResultSummary outcome="Error">
    <Counters total="1" executed="1" error="0" failed="0" timeout="0" aborted="1" inconclusive="0" passedButRunAborted="0" notRunnable="0" notExecuted="0" disconnected="0" warning="0" passed="0" completed="0" inProgress="0" pending="0" />
    <RunInfos>
      <RunInfo computerName="SERGEY-PC" outcome="Error" timestamp="2011-02-27T14:05:19.8876953+02:00">
        <Text>Test host process exited unexpectedly.</Text>
      </RunInfo>
    </RunInfos>
  </ResultSummary>
  <TestDefinitions>
    <UnitTest name="GetByIdTest" storage="d:\projects\expensesystem\expensesystem.tests\bin\debug\expensesystem.tests.dll" id="c11d9502-9664-ec7d-5738-644f539cd80d">
      <Execution id="723779f0-1278-43c8-aa80-543d71ef612e" />
      <TestMethod codeBase="D:/Projects/ExpenseSystem/ExpenseSystem.Tests/bin/Debug/ExpenseSystem.Tests.DLL" adapterTypeName="Microsoft.VisualStudio.TestTools.TestTypes.Unit.UnitTestAdapter, Microsoft.VisualStudio.QualityTools.Tips.UnitTest.Adapter, Version=10.0.0.0, Culture=neutral, PublicKeyToken=b03f5f7f11d50a3a" className="ExpenseSystem.Tests.Repositories.TagRepositoryTest, ExpenseSystem.Tests, Version=1.0.0.0, Culture=neutral, PublicKeyToken=null" name="GetByIdTest" />
    </UnitTest>
  </TestDefinitions>
  <TestLists>
    <TestList name="Results Not in a List" id="8c84fa94-04c1-424b-9868-57a2d4851a1d" />
    <TestList name="All Loaded Results" id="19431567-8539-422a-85d7-44ee4e166bda" />
  </TestLists>
  <TestEntries>
    <TestEntry testId="c11d9502-9664-ec7d-5738-644f539cd80d" executionId="723779f0-1278-43c8-aa80-543d71ef612e" testListId="8c84fa94-04c1-424b-9868-57a2d4851a1d" />
  </TestEntries>
  <Results>
    <UnitTestResult executionId="723779f0-1278-43c8-aa80-543d71ef612e" testId="c11d9502-9664-ec7d-5738-644f539cd80d" testName="GetByIdTest" computerName="SERGEY-PC" duration="00:01:17.9316406" startTime="2011-02-27T14:04:01.9580078+02:00" endTime="2011-02-27T14:05:19.8896484+02:00" testType="13cdc9d9-ddb5-4fa4-a97d-d965ccfc6d4b" outcome="Aborted" testListId="8c84fa94-04c1-424b-9868-57a2d4851a1d" relativeResultsDirectory="723779f0-1278-43c8-aa80-543d71ef612e">
    </UnitTestResult>
  </Results>
</TestRun>