<?xml version="1.0" encoding="UTF-8"?>
<TestRun id="11ec0f19-8554-4a6b-8723-761b48807cb3" name="Sergey@SERGEY-PC 2011-02-27 21:02:41" runUser="Sergey-PC\Sergey" xmlns="http://microsoft.com/schemas/VisualStudio/TeamTest/2010">
  <TestSettings name="Default Test Settings" id="c3edece1-4eea-4180-ab3c-e0180eb24c8e">
    <Deployment runDeploymentRoot="Sergey_SERGEY-PC 2011-02-27 21_02_41">
      <DeploymentItem filename="D:\Projects\ExpenseSystem\ExpenseSystem.Model\bin\Debug\ExpenseSystem.Model.dll" />
      <DeploymentItem filename="D:\Projects\ExpenseSystem\ExpenseSystem.Repositories\bin\Debug\ExpenseSystem.Repositories.dll" />
      <DeploymentItem filename="D:\Projects\ExpenseSystem\ExpenseSystem.Entities\bin\Debug\ExpenseSystem.Entities.dll" />
    </Deployment>
    <Execution>
      <TestTypeSpecific />
      <AgentRule name="Execution Agents">
      </AgentRule>
    </Execution>
  </TestSettings>
  <Times creation="2011-02-27T21:02:41.9785156+02:00" queuing="2011-02-27T21:02:43.9248046+02:00" start="2011-02-27T21:02:44.1337890+02:00" finish="2011-02-27T21:02:48.0458984+02:00" />
  <ResultSummary outcome="Completed">
    <Counters total="1" executed="1" passed="1" error="0" failed="0" timeout="0" aborted="0" inconclusive="0" passedButRunAborted="0" notRunnable="0" notExecuted="0" disconnected="0" warning="0" completed="0" inProgress="0" pending="0" />
  </ResultSummary>
  <TestDefinitions>
    <UnitTest name="DeleteByIdTest" storage="d:\projects\expensesystem\expensesystem.tests\bin\debug\expensesystem.tests.dll" id="7ad2c5a4-fb0e-f1e4-4f87-fd6d7f97df50">
      <Execution id="f8cc99d6-9031-48aa-87ad-00565b35d06c" />
      <TestMethod codeBase="D:/Projects/ExpenseSystem/ExpenseSystem.Tests/bin/Debug/ExpenseSystem.Tests.DLL" adapterTypeName="Microsoft.VisualStudio.TestTools.TestTypes.Unit.UnitTestAdapter, Microsoft.VisualStudio.QualityTools.Tips.UnitTest.Adapter, Version=10.0.0.0, Culture=neutral, PublicKeyToken=b03f5f7f11d50a3a" className="ExpenseSystem.Tests.Repositories.TagRepositoryTest, ExpenseSystem.Tests, Version=1.0.0.0, Culture=neutral, PublicKeyToken=null" name="DeleteByIdTest" />
    </UnitTest>
  </TestDefinitions>
  <TestLists>
    <TestList name="Results Not in a List" id="8c84fa94-04c1-424b-9868-57a2d4851a1d" />
    <TestList name="All Loaded Results" id="19431567-8539-422a-85d7-44ee4e166bda" />
  </TestLists>
  <TestEntries>
    <TestEntry testId="7ad2c5a4-fb0e-f1e4-4f87-fd6d7f97df50" executionId="f8cc99d6-9031-48aa-87ad-00565b35d06c" testListId="8c84fa94-04c1-424b-9868-57a2d4851a1d" />
  </TestEntries>
  <Results>
    <UnitTestResult executionId="f8cc99d6-9031-48aa-87ad-00565b35d06c" testId="7ad2c5a4-fb0e-f1e4-4f87-fd6d7f97df50" testName="DeleteByIdTest" computerName="SERGEY-PC" duration="00:00:02.1318613" startTime="2011-02-27T21:02:44.2236328+02:00" endTime="2011-02-27T21:02:47.8544921+02:00" testType="13cdc9d9-ddb5-4fa4-a97d-d965ccfc6d4b" outcome="Passed" testListId="8c84fa94-04c1-424b-9868-57a2d4851a1d" relativeResultsDirectory="f8cc99d6-9031-48aa-87ad-00565b35d06c">
    </UnitTestResult>
  </Results>
</TestRun>