<?xml version="1.0" encoding="UTF-8"?>
<TestRun id="0c1a148f-a059-4100-8f28-5dad8a1a8153" name="Sergey@SERGEY-PC 2011-02-27 14:05:41" runUser="Sergey-PC\Sergey" xmlns="http://microsoft.com/schemas/VisualStudio/TeamTest/2010">
  <TestSettings name="Default Test Settings" id="6a3da669-639a-4775-bd37-1d924989e698">
    <Deployment runDeploymentRoot="Sergey_SERGEY-PC 2011-02-27 14_05_41">
      <DeploymentItem filename="D:\Projects\ExpenseSystem\ExpenseSystem.Model\bin\Debug\ExpenseSystem.Model.dll" />
      <DeploymentItem filename="D:\Projects\ExpenseSystem\ExpenseSystem.Repositories\bin\Debug\ExpenseSystem.Repositories.dll" />
      <DeploymentItem filename="D:\Projects\ExpenseSystem\ExpenseSystem.Entities\bin\Debug\ExpenseSystem.Entities.dll" />
    </Deployment>
    <Execution>
      <TestTypeSpecific />
      <AgentRule name="Execution Agents">
      </AgentRule>
    </Execution>
  </TestSettings>
  <Times creation="2011-02-27T14:05:41.2500000+02:00" queuing="2011-02-27T14:05:43.8759765+02:00" start="2011-02-27T14:05:44.2343750+02:00" finish="2011-02-27T14:06:33.2324218+02:00" />
  <ResultSummary outcome="Error">
    <Counters total="1" executed="1" error="0" failed="0" timeout="0" aborted="1" inconclusive="0" passedButRunAborted="0" notRunnable="0" notExecuted="0" disconnected="0" warning="0" passed="0" completed="0" inProgress="0" pending="0" />
    <RunInfos>
      <RunInfo computerName="SERGEY-PC" outcome="Error" timestamp="2011-02-27T14:06:33.2294921+02:00">
        <Text>Test host process exited unexpectedly.</Text>
      </RunInfo>
    </RunInfos>
  </ResultSummary>
  <TestDefinitions>
    <UnitTest name="GetParentTagByUserIdTest" storage="d:\projects\expensesystem\expensesystem.tests\bin\debug\expensesystem.tests.dll" id="4b9f5511-eddf-9b6b-f18f-6e42c8444723">
      <Execution id="d04e90d4-c2b5-4723-a05a-c80d8852ffcb" />
      <TestMethod codeBase="D:/Projects/ExpenseSystem/ExpenseSystem.Tests/bin/Debug/ExpenseSystem.Tests.DLL" adapterTypeName="Microsoft.VisualStudio.TestTools.TestTypes.Unit.UnitTestAdapter, Microsoft.VisualStudio.QualityTools.Tips.UnitTest.Adapter, Version=10.0.0.0, Culture=neutral, PublicKeyToken=b03f5f7f11d50a3a" className="ExpenseSystem.Tests.Repositories.TagRepositoryTest, ExpenseSystem.Tests, Version=1.0.0.0, Culture=neutral, PublicKeyToken=null" name="GetParentTagByUserIdTest" />
    </UnitTest>
  </TestDefinitions>
  <TestLists>
    <TestList name="Results Not in a List" id="8c84fa94-04c1-424b-9868-57a2d4851a1d" />
    <TestList name="All Loaded Results" id="19431567-8539-422a-85d7-44ee4e166bda" />
  </TestLists>
  <TestEntries>
    <TestEntry testId="4b9f5511-eddf-9b6b-f18f-6e42c8444723" executionId="d04e90d4-c2b5-4723-a05a-c80d8852ffcb" testListId="8c84fa94-04c1-424b-9868-57a2d4851a1d" />
  </TestEntries>
  <Results>
    <UnitTestResult executionId="d04e90d4-c2b5-4723-a05a-c80d8852ffcb" testId="4b9f5511-eddf-9b6b-f18f-6e42c8444723" testName="GetParentTagByUserIdTest" computerName="SERGEY-PC" duration="00:00:48.7099609" startTime="2011-02-27T14:05:44.5224609+02:00" endTime="2011-02-27T14:06:33.2324218+02:00" testType="13cdc9d9-ddb5-4fa4-a97d-d965ccfc6d4b" outcome="Aborted" testListId="8c84fa94-04c1-424b-9868-57a2d4851a1d" relativeResultsDirectory="d04e90d4-c2b5-4723-a05a-c80d8852ffcb">
    </UnitTestResult>
  </Results>
</TestRun>