<?xml version="1.0" encoding="UTF-8"?>
<TestRun id="961e6007-c475-41d1-8070-d79a9558647b" name="Sergey@SERGEY-PC 2011-02-27 13:58:57" runUser="Sergey-PC\Sergey" xmlns="http://microsoft.com/schemas/VisualStudio/TeamTest/2010">
  <TestSettings name="Default Test Settings" id="55f7b736-7b42-4fc8-80c7-377ca7b8fad5">
    <Deployment runDeploymentRoot="Sergey_SERGEY-PC 2011-02-27 13_58_57">
      <DeploymentItem filename="D:\Projects\ExpenseSystem\ExpenseSystem.Model\bin\Debug\ExpenseSystem.Model.dll" />
      <DeploymentItem filename="D:\Projects\ExpenseSystem\ExpenseSystem.Repositories\bin\Debug\ExpenseSystem.Repositories.dll" />
      <DeploymentItem filename="D:\Projects\ExpenseSystem\ExpenseSystem.Entities\bin\Debug\ExpenseSystem.Entities.dll" />
    </Deployment>
    <Execution>
      <TestTypeSpecific />
      <AgentRule name="Execution Agents">
      </AgentRule>
    </Execution>
  </TestSettings>
  <Times creation="2011-02-27T13:58:57.1240234+02:00" queuing="2011-02-27T13:58:59.6435546+02:00" start="2011-02-27T13:59:00.0283203+02:00" finish="2011-02-27T14:03:49.7392578+02:00" />
  <ResultSummary outcome="Error">
    <Counters total="1" executed="1" error="0" failed="0" timeout="0" aborted="1" inconclusive="0" passedButRunAborted="0" notRunnable="0" notExecuted="0" disconnected="0" warning="0" passed="0" completed="0" inProgress="0" pending="0" />
    <RunInfos>
      <RunInfo computerName="SERGEY-PC" outcome="Error" timestamp="2011-02-27T14:03:49.7265625+02:00">
        <Text>Test host process exited unexpectedly.</Text>
      </RunInfo>
    </RunInfos>
  </ResultSummary>
  <TestDefinitions>
    <UnitTest name="GetByIdTest" storage="d:\projects\expensesystem\expensesystem.tests\bin\debug\expensesystem.tests.dll" id="c11d9502-9664-ec7d-5738-644f539cd80d">
      <Execution id="1aed67d2-bcf9-4482-9d44-6b633576f3d2" />
      <TestMethod codeBase="D:/Projects/ExpenseSystem/ExpenseSystem.Tests/bin/Debug/ExpenseSystem.Tests.DLL" adapterTypeName="Microsoft.VisualStudio.TestTools.TestTypes.Unit.UnitTestAdapter, Microsoft.VisualStudio.QualityTools.Tips.UnitTest.Adapter, Version=10.0.0.0, Culture=neutral, PublicKeyToken=b03f5f7f11d50a3a" className="ExpenseSystem.Tests.Repositories.TagRepositoryTest, ExpenseSystem.Tests, Version=1.0.0.0, Culture=neutral, PublicKeyToken=null" name="GetByIdTest" />
    </UnitTest>
  </TestDefinitions>
  <TestLists>
    <TestList name="Results Not in a List" id="8c84fa94-04c1-424b-9868-57a2d4851a1d" />
    <TestList name="All Loaded Results" id="19431567-8539-422a-85d7-44ee4e166bda" />
  </TestLists>
  <TestEntries>
    <TestEntry testId="c11d9502-9664-ec7d-5738-644f539cd80d" executionId="1aed67d2-bcf9-4482-9d44-6b633576f3d2" testListId="8c84fa94-04c1-424b-9868-57a2d4851a1d" />
  </TestEntries>
  <Results>
    <UnitTestResult executionId="1aed67d2-bcf9-4482-9d44-6b633576f3d2" testId="c11d9502-9664-ec7d-5738-644f539cd80d" testName="GetByIdTest" computerName="SERGEY-PC" duration="00:04:49.4208985" startTime="2011-02-27T13:59:00.3183593+02:00" endTime="2011-02-27T14:03:49.7392578+02:00" testType="13cdc9d9-ddb5-4fa4-a97d-d965ccfc6d4b" outcome="Aborted" testListId="8c84fa94-04c1-424b-9868-57a2d4851a1d" relativeResultsDirectory="1aed67d2-bcf9-4482-9d44-6b633576f3d2">
    </UnitTestResult>
  </Results>
</TestRun>