<?xml version="1.0" encoding="UTF-8"?>
<TestRun id="7e3a5596-9f1c-487e-86e5-ded08fa3ca2e" name="Sergey@SERGEY-PC 2011-02-27 21:05:20" runUser="Sergey-PC\Sergey" xmlns="http://microsoft.com/schemas/VisualStudio/TeamTest/2010">
  <TestSettings name="Default Test Settings" id="fe87f34b-2645-4252-b7ae-2ba96c685a2c">
    <Deployment runDeploymentRoot="Sergey_SERGEY-PC 2011-02-27 21_05_20">
      <DeploymentItem filename="D:\Projects\ExpenseSystem\ExpenseSystem.Model\bin\Debug\ExpenseSystem.Model.dll" />
      <DeploymentItem filename="D:\Projects\ExpenseSystem\ExpenseSystem.Repositories\bin\Debug\ExpenseSystem.Repositories.dll" />
      <DeploymentItem filename="D:\Projects\ExpenseSystem\ExpenseSystem.Entities\bin\Debug\ExpenseSystem.Entities.dll" />
    </Deployment>
    <Execution>
      <TestTypeSpecific />
      <AgentRule name="Execution Agents">
      </AgentRule>
    </Execution>
  </TestSettings>
  <Times creation="2011-02-27T21:05:20.7500000+02:00" queuing="2011-02-27T21:05:23.5986328+02:00" start="2011-02-27T21:05:24.0039062+02:00" finish="2011-02-27T21:05:50.1162109+02:00" />
  <ResultSummary outcome="Error">
    <Counters total="1" executed="1" error="0" failed="0" timeout="0" aborted="1" inconclusive="0" passedButRunAborted="0" notRunnable="0" notExecuted="0" disconnected="0" warning="0" passed="0" completed="0" inProgress="0" pending="0" />
    <RunInfos>
      <RunInfo computerName="SERGEY-PC" outcome="Error" timestamp="2011-02-27T21:05:50.1025390+02:00">
        <Text>Test host process exited unexpectedly.</Text>
      </RunInfo>
    </RunInfos>
  </ResultSummary>
  <TestDefinitions>
    <UnitTest name="DeleteByIdTest" storage="d:\projects\expensesystem\expensesystem.tests\bin\debug\expensesystem.tests.dll" id="7ad2c5a4-fb0e-f1e4-4f87-fd6d7f97df50">
      <Execution id="fdc73795-e9ec-4149-94c5-0bf66f5fba65" />
      <TestMethod codeBase="D:/Projects/ExpenseSystem/ExpenseSystem.Tests/bin/Debug/ExpenseSystem.Tests.DLL" adapterTypeName="Microsoft.VisualStudio.TestTools.TestTypes.Unit.UnitTestAdapter, Microsoft.VisualStudio.QualityTools.Tips.UnitTest.Adapter, Version=10.0.0.0, Culture=neutral, PublicKeyToken=b03f5f7f11d50a3a" className="ExpenseSystem.Tests.Repositories.TagRepositoryTest, ExpenseSystem.Tests, Version=1.0.0.0, Culture=neutral, PublicKeyToken=null" name="DeleteByIdTest" />
    </UnitTest>
  </TestDefinitions>
  <TestLists>
    <TestList name="Results Not in a List" id="8c84fa94-04c1-424b-9868-57a2d4851a1d" />
    <TestList name="All Loaded Results" id="19431567-8539-422a-85d7-44ee4e166bda" />
  </TestLists>
  <TestEntries>
    <TestEntry testId="7ad2c5a4-fb0e-f1e4-4f87-fd6d7f97df50" executionId="fdc73795-e9ec-4149-94c5-0bf66f5fba65" testListId="8c84fa94-04c1-424b-9868-57a2d4851a1d" />
  </TestEntries>
  <Results>
    <UnitTestResult executionId="fdc73795-e9ec-4149-94c5-0bf66f5fba65" testId="7ad2c5a4-fb0e-f1e4-4f87-fd6d7f97df50" testName="DeleteByIdTest" computerName="SERGEY-PC" duration="00:00:25.8056641" startTime="2011-02-27T21:05:24.3105468+02:00" endTime="2011-02-27T21:05:50.1162109+02:00" testType="13cdc9d9-ddb5-4fa4-a97d-d965ccfc6d4b" outcome="Aborted" testListId="8c84fa94-04c1-424b-9868-57a2d4851a1d" relativeResultsDirectory="fdc73795-e9ec-4149-94c5-0bf66f5fba65">
    </UnitTestResult>
  </Results>
</TestRun>